<?xml version="1.0" encoding="UTF-8"?>
<!-- Generated by org.testng.reporters.JUnitXMLReporter -->
<testsuite ignored="0" hostname="Fayyaz" failures="0" tests="3" name="Submit Order" time="27.288" errors="0" timestamp="2024-03-30T17:28:52 IST">
  <testcase classname="fayyaz.test.Standalone2" name="submitorder" time="3.776"/>
  <testcase classname="fayyaz.test.Standalone2" name="submitorder" time="14.906"/>
  <testcase classname="fayyaz.test.Standalone2" name="orderHistoryTest" time="0.961"/>
</testsuite> <!-- Submit Order -->
