<?xml version="1.0" encoding="UTF-8"?>
<!-- Generated by org.testng.reporters.JUnitXMLReporter -->
<testsuite ignored="1" hostname="Fayyaz" failures="0" tests="2" name="Submit Order" time="24.249" errors="0" timestamp="2024-03-31T07:48:35 IST">
  <testcase classname="fayyaz.test.Standalone2" name="submitorder" time="3.283"/>
  <testcase classname="fayyaz.test.Standalone2" name="submitorder" time="14.682"/>
  <testcase classname="fayyaz.test.Standalone2" name="orderHistoryTest" time="0.0">
    <ignored/>
  </testcase> <!-- orderHistoryTest -->
</testsuite> <!-- Submit Order -->
