<?xml version="1.0" encoding="UTF-8"?>
<!-- Generated by org.testng.reporters.JUnitXMLReporter -->
<testsuite ignored="2" hostname="Fayyaz" failures="0" tests="0" time="0.0" errors="0" timestamp="2024-03-31T07:48:35 IST">
  <testcase classname="fayyaz.test.errorvalidation" name="submitorder1" time="0.0">
    <ignored/>
  </testcase> <!-- submitorder1 -->
  <testcase classname="fayyaz.test.errorvalidation" name="producterrorvalidation" time="0.0">
    <ignored/>
  </testcase> <!-- producterrorvalidation -->
</testsuite>
