<?xml version="1.0" encoding="UTF-8"?>
<testng-results ignored="0" total="2" passed="2" failed="0" skipped="0">
  <reporter-output>
  </reporter-output>
  <suite started-at="2024-03-31T07:48:10 IST" name="Suite" finished-at="2024-03-31T07:48:35 IST" duration-ms="24297">
    <groups>
      <group name="Purchase">
        <method signature="Standalone2.submitorder(java.util.HashMap)[pri:0, instance:fayyaz.test.Standalone2@24269709]" name="submitorder" class="fayyaz.test.Standalone2"/>
      </group> <!-- Purchase -->
    </groups>
    <test started-at="2024-03-31T07:48:10 IST" name="Submit Order" finished-at="2024-03-31T07:48:34 IST" duration-ms="24249">
      <class name="fayyaz.test.Standalone2">
        <test-method is-config="true" signature="launchApplication()[pri:0, instance:fayyaz.test.Standalone2@24269709]" started-at="2024-03-31T07:48:11 IST" name="launchApplication" finished-at="2024-03-31T07:48:15 IST" duration-ms="4015" status="PASS">
          <reporter-output>
          </reporter-output>
        </test-method> <!-- launchApplication -->
        <test-method signature="submitorder(java.util.HashMap)[pri:0, instance:fayyaz.test.Standalone2@24269709]" started-at="2024-03-31T07:48:15 IST" name="submitorder" data-provider="getData" finished-at="2024-03-31T07:48:18 IST" duration-ms="3283" status="PASS">
          <params>
            <param index="0">
              <value>
                <![CDATA[{productname=ADIDAS ORIGINAL, password=Fayyaz@123, username=fayyazhm1@gmail.com}]]>
              </value>
            </param>
          </params>
          <reporter-output>
          </reporter-output>
        </test-method> <!-- submitorder -->
        <test-method is-config="true" signature="clos()[pri:0, instance:fayyaz.test.Standalone2@24269709]" started-at="2024-03-31T07:48:18 IST" name="clos" finished-at="2024-03-31T07:48:18 IST" duration-ms="107" status="PASS">
          <reporter-output>
          </reporter-output>
        </test-method> <!-- clos -->
        <test-method is-config="true" signature="launchApplication()[pri:0, instance:fayyaz.test.Standalone2@24269709]" started-at="2024-03-31T07:48:18 IST" name="launchApplication" finished-at="2024-03-31T07:48:20 IST" duration-ms="1686" status="PASS">
          <reporter-output>
          </reporter-output>
        </test-method> <!-- launchApplication -->
        <test-method signature="submitorder(java.util.HashMap)[pri:0, instance:fayyaz.test.Standalone2@24269709]" started-at="2024-03-31T07:48:20 IST" name="submitorder" data-provider="getData" finished-at="2024-03-31T07:48:34 IST" duration-ms="14682" status="PASS">
          <params>
            <param index="0">
              <value>
                <![CDATA[{productname=ZARA COAT 3, password=Fayyaz@123, username=fayyazhm2@gmail.com}]]>
              </value>
            </param>
          </params>
          <reporter-output>
          </reporter-output>
        </test-method> <!-- submitorder -->
        <test-method is-config="true" signature="clos()[pri:0, instance:fayyaz.test.Standalone2@24269709]" started-at="2024-03-31T07:48:34 IST" name="clos" finished-at="2024-03-31T07:48:34 IST" duration-ms="89" status="PASS">
          <reporter-output>
          </reporter-output>
        </test-method> <!-- clos -->
      </class> <!-- fayyaz.test.Standalone2 -->
    </test> <!-- Submit Order -->
    <test started-at="2024-03-31T07:48:35 IST" name="test.error" finished-at="2024-03-31T07:48:35 IST" duration-ms="0">
    </test> <!-- test.error -->
  </suite> <!-- Suite -->
</testng-results>
